app/build/outputs/logs/manifest-merger-debug-report.txt
-- Merging decision tree log ---
manifest
ADDED from src\main\AndroidManifest.xml:2:1-261:12
	package
		ADDED from src\main\AndroidManifest.xml:3:11-46
		INJECTED from src\main\AndroidManifest.xml
		INJECTED from src\main\AndroidManifest.xml
	android:versionName
		INJECTED from src\main\AndroidManifest.xml
		INJECTED from src\main\AndroidManifest.xml
	xmlns:android
		ADDED from src\main\AndroidManifest.xml:2:11-69
	android:versionCode
		INJECTED from src\main\AndroidManifest.xml
		INJECTED from src\main\AndroidManifest.xml
uses-permission#android.permission.INTERNET
ADDED from src\main\AndroidManifest.xml:5:5-66
MERGED from [com.digits.sdk.android:digits:1.10.3] AndroidManifest.xml:25:5-67
MERGED from [io.fabric.sdk.android:fabric:1.3.12] AndroidManifest.xml:25:5-67
MERGED from [com.twitter.sdk.android:twitter-core:1.6.8] AndroidManifest.xml:25:5-67
MERGED from [com.twitter.sdk.android:tweet-composer:1.0.5] AndroidManifest.xml:25:5-67
MERGED from [com.twitter.sdk.android:tweet-ui:1.10.1] AndroidManifest.xml:25:5-67
MERGED from [com.google.firebase:firebase-analytics:9.6.1] AndroidManifest.xml:20:5-66
MERGED from [com.google.firebase:firebase-analytics-impl:9.6.1] AndroidManifest.xml:20:5-66
MERGED from [com.google.firebase:firebase-iid:9.6.1] AndroidManifest.xml:20:5-66
MERGED from [com.google.android.gms:play-services-appinvite:9.6.1] AndroidManifest.xml:18:5-66
MERGED from [com.google.android.gms:play-services-ads-lite:9.6.1] AndroidManifest.xml:19:5-66
	android:name
		ADDED from src\main\AndroidManifest.xml:5:22-64
uses-permission#android.permission.SYSTEM_ALERT_WINDOW
ADDED from src\main\AndroidManifest.xml:6:5-77
	android:name
		ADDED from src\main\AndroidManifest.xml:6:22-75
uses-permission#android.permission.PACKAGE_USAGE_STATS
ADDED from src\main\AndroidManifest.xml:7:5-77
	android:name
		ADDED from src\main\AndroidManifest.xml:7:22-75
uses-permission#android.permission.READ_EXTERNAL_STORAGE
ADDED from src\main\AndroidManifest.xml:8:5-79
	android:name
		ADDED from src\main\AndroidManifest.xml:8:22-77
uses-permission#android.permission.WRITE_EXTERNAL_STORAGE
ADDED from src\main\AndroidManifest.xml:9:5-80
	android:name
		ADDED from src\main\AndroidManifest.xml:9:22-78
uses-permission#android.permission.CHANGE_WIFI_STATE
ADDED from src\main\AndroidManifest.xml:10:5-75
	android:name
		ADDED from src\main\AndroidManifest.xml:10:22-73
uses-permission#android.permission.ACCESS_WIFI_STATE
ADDED from src\main\AndroidManifest.xml:11:5-75
	android:name
		ADDED from src\main\AndroidManifest.xml:11:22-73
uses-permission#android.permission.WAKE_LOCK
ADDED from src\main\AndroidManifest.xml:12:5-67
MERGED from [com.google.firebase:firebase-analytics:9.6.1] AndroidManifest.xml:22:5-67
MERGED from [com.google.firebase:firebase-analytics-impl:9.6.1] AndroidManifest.xml:22:5-67
MERGED from [com.google.firebase:firebase-iid:9.6.1] AndroidManifest.xml:21:5-67
	android:name
		ADDED from src\main\AndroidManifest.xml:12:22-65
uses-permission#android.permission.ACCESS_COARSE_LOCATION
ADDED from src\main\AndroidManifest.xml:13:5-80
	android:name
		ADDED from src\main\AndroidManifest.xml:13:22-78
uses-permission#android.permission.ACCESS_FINE_LOCATION
ADDED from src\main\AndroidManifest.xml:14:5-78
	android:name
		ADDED from src\main\AndroidManifest.xml:14:22-76
uses-permission#android.permission.LOCATION_HARDWARE
ADDED from src\main\AndroidManifest.xml:15:5-75
	android:name
		ADDED from src\main\AndroidManifest.xml:15:22-73
uses-permission#android.permission.BLUETOOTH
ADDED from src\main\AndroidManifest.xml:16:5-67
	android:name
		ADDED from src\main\AndroidManifest.xml:16:22-65
uses-permission#android.permission.BLUETOOTH_ADMIN
ADDED from src\main\AndroidManifest.xml:17:5-73
	android:name
		ADDED from src\main\AndroidManifest.xml:17:22-71
uses-permission#android.permission.BLUETOOTH_PRIVILEGED
ADDED from src\main\AndroidManifest.xml:18:5-78
	android:name
		ADDED from src\main\AndroidManifest.xml:18:22-76
uses-permission#android.permission.VIBRATE
ADDED from src\main\AndroidManifest.xml:19:5-65
	android:name
		ADDED from src\main\AndroidManifest.xml:19:22-63
uses-permission#com.android.vending.BILLING
ADDED from src\main\AndroidManifest.xml:20:5-67
	android:name
		ADDED from src\main\AndroidManifest.xml:20:22-64
uses-permission#android.permission.GET_ACCOUNTS
ADDED from src\main\AndroidManifest.xml:21:5-70
	android:name
		ADDED from src\main\AndroidManifest.xml:21:22-68
application
ADDED from src\main\AndroidManifest.xml:23:5-259:19
MERGED from [com.twitter.sdk.android:twitter:1.13.1] AndroidManifest.xml:25:5-20
MERGED from [com.digits.sdk.android:digits:1.10.3] AndroidManifest.xml:27:5-111:19
MERGED from [io.fabric.sdk.android:fabric:1.3.12] AndroidManifest.xml:27:5-20
MERGED from [com.twitter.sdk.android:twitter-core:1.6.8] AndroidManifest.xml:27:5-40:19
MERGED from [com.twitter.sdk.android:tweet-composer:1.0.5] AndroidManifest.xml:27:5-37:19
MERGED from [com.twitter.sdk.android:tweet-ui:1.10.1] AndroidManifest.xml:27:5-35:19
MERGED from [com.android.support:support-v4:24.2.1] AndroidManifest.xml:25:5-20
MERGED from [com.android.support:support-compat:24.2.1] AndroidManifest.xml:25:5-20
MERGED from [com.android.support:support-media-compat:24.2.1] AndroidManifest.xml:25:5-20
MERGED from [com.android.support:support-core-utils:24.2.1] AndroidManifest.xml:25:5-20
MERGED from [com.android.support:support-core-ui:24.2.1] AndroidManifest.xml:25:5-20
MERGED from [com.android.support:support-fragment:24.2.1] AndroidManifest.xml:25:5-20
MERGED from [com.android.support:palette-v7:24.2.1] AndroidManifest.xml:22:5-23:19
MERGED from [com.google.android.gms:play-services-plus:9.6.1] AndroidManifest.xml:18:5-19
MERGED from [com.google.android.gms:play-services-base:9.6.1] AndroidManifest.xml:18:5-20:19
MERGED from [com.google.android.gms:play-services-basement:9.6.1] AndroidManifest.xml:19:5-21:19
MERGED from [com.google.android.gms:play-services-tasks:9.6.1] AndroidManifest.xml:4:5-19
MERGED from [com.google.android.gms:play-services-appindexing:9.6.1] AndroidManifest.xml:18:5-19
MERGED from [com.google.firebase:firebase-common:9.6.1] AndroidManifest.xml:4:5-7:19
MERGED from [com.google.android.gms:play-services-auth:9.6.1] AndroidManifest.xml:19:5-25:19
MERGED from [com.google.firebase:firebase-core:9.6.1] AndroidManifest.xml:5:5-20
MERGED from [com.google.firebase:firebase-analytics:9.6.1] AndroidManifest.xml:24:5-33:19
MERGED from [com.google.firebase:firebase-analytics-impl:9.6.1] AndroidManifest.xml:24:5-28:19
MERGED from [com.google.firebase:firebase-iid:9.6.1] AndroidManifest.xml:28:5-50:19
MERGED from [com.google.firebase:firebase-invites:9.6.1] AndroidManifest.xml:5:5-20
MERGED from [com.google.android.gms:play-services-appinvite:9.6.1] AndroidManifest.xml:19:5-26:19
MERGED from [com.google.firebase:firebase-messaging:9.6.1] AndroidManifest.xml:19:5-29:19
MERGED from [com.google.firebase:firebase-ads:9.6.1] AndroidManifest.xml:5:5-20
MERGED from [com.google.android.gms:play-services-ads-lite:9.6.1] AndroidManifest.xml:23:5-27:19
MERGED from [com.google.android.gms:play-services-clearcut:9.6.1] AndroidManifest.xml:18:5-19
MERGED from [com.google.android.gms:play-services-gass:9.6.1] AndroidManifest.xml:4:5-19
	android:label
		ADDED from src\main\AndroidManifest.xml:27:9-43
	android:fullBackupContent
		ADDED from src\main\AndroidManifest.xml:25:9-54
	android:allowBackup
		ADDED from src\main\AndroidManifest.xml:24:9-35
	android:icon
		ADDED from src\main\AndroidManifest.xml:26:9-45
	android:largeHeap
		ADDED from src\main\AndroidManifest.xml:28:9-33
	android:theme
		ADDED from src\main\AndroidManifest.xml:29:9-65
meta-data#com.google.android.gms.version
ADDED from src\main\AndroidManifest.xml:30:9-32:68
MERGED from [com.google.android.gms:play-services-basement:9.6.1] AndroidManifest.xml:20:9-121
	android:value
		ADDED from src\main\AndroidManifest.xml:32:13-66
	android:name
		ADDED from src\main\AndroidManifest.xml:31:13-58
meta-data#io.fabric.ApiKey
ADDED from src\main\AndroidManifest.xml:33:9-35:72
	android:value
		ADDED from src\main\AndroidManifest.xml:35:13-69
	android:name
		ADDED from src\main\AndroidManifest.xml:34:13-44
activity#net.geekstools.floatshort.ListGrid
ADDED from src\main\AndroidManifest.xml:37:9-45:20
	android:theme
		ADDED from src\main\AndroidManifest.xml:39:13-59
	android:name
		ADDED from src\main\AndroidManifest.xml:38:13-37
intent-filter#android.intent.action.MAIN+android.intent.category.LAUNCHER
ADDED from src\main\AndroidManifest.xml:40:13-44:29
action#android.intent.action.MAIN
ADDED from src\main\AndroidManifest.xml:41:17-68
	android:name
		ADDED from src\main\AndroidManifest.xml:41:25-66
category#android.intent.category.LAUNCHER
ADDED from src\main\AndroidManifest.xml:43:17-76
	android:name
		ADDED from src\main\AndroidManifest.xml:43:27-74
activity#net.geekstools.floatshort.GridViewDrawer
ADDED from src\main\AndroidManifest.xml:46:9-50:20
	android:label
		ADDED from src\main\AndroidManifest.xml:48:13-45
	android:theme
		ADDED from src\main\AndroidManifest.xml:49:13-73
	android:name
		ADDED from src\main\AndroidManifest.xml:47:13-43
activity#net.geekstools.floatshort.MainScope
ADDED from src\main\AndroidManifest.xml:51:9-55:20
	android:label
		ADDED from src\main\AndroidManifest.xml:53:13-45
	android:theme
		ADDED from src\main\AndroidManifest.xml:54:13-73
	android:name
		ADDED from src\main\AndroidManifest.xml:52:13-38
activity#net.geekstools.floatshort.WidgetHandler
ADDED from src\main\AndroidManifest.xml:56:9-59:20
	android:theme
		ADDED from src\main\AndroidManifest.xml:58:13-73
	android:name
		ADDED from src\main\AndroidManifest.xml:57:13-42
activity#net.geekstools.floatshort.DetailHelper
ADDED from src\main\AndroidManifest.xml:60:9-64:83
	android:screenOrientation
		ADDED from src\main\AndroidManifest.xml:63:13-49
	android:label
		ADDED from src\main\AndroidManifest.xml:62:13-48
	android:theme
		ADDED from src\main\AndroidManifest.xml:64:13-81
	android:name
		ADDED from src\main\AndroidManifest.xml:61:13-41
activity#net.geekstools.floatshort.WiFiScope
ADDED from src\main\AndroidManifest.xml:65:9-68:20
	android:label
		ADDED from src\main\AndroidManifest.xml:67:13-41
	android:name
		ADDED from src\main\AndroidManifest.xml:66:13-38
activity#net.geekstools.floatshort.BluetoothScope
ADDED from src\main\AndroidManifest.xml:69:9-73:20
	android:label
		ADDED from src\main\AndroidManifest.xml:72:13-46
	android:icon
		ADDED from src\main\AndroidManifest.xml:71:13-49
	android:name
		ADDED from src\main\AndroidManifest.xml:70:13-43
activity#net.geekstools.floatshort.GPSScope
ADDED from src\main\AndroidManifest.xml:74:9-78:20
	android:label
		ADDED from src\main\AndroidManifest.xml:77:13-40
	android:icon
		ADDED from src\main\AndroidManifest.xml:76:13-43
	android:name
		ADDED from src\main\AndroidManifest.xml:75:13-37
activity#net.geekstools.floatshort.SettingGUI
ADDED from src\main\AndroidManifest.xml:79:9-82:20
	android:icon
		ADDED from src\main\AndroidManifest.xml:81:13-44
	android:name
		ADDED from src\main\AndroidManifest.xml:80:13-39
activity#net.geekstools.floatshort.LauncherHandler
ADDED from src\main\AndroidManifest.xml:83:9-91:20
	android:theme
		ADDED from src\main\AndroidManifest.xml:85:13-59
	android:name
		ADDED from src\main\AndroidManifest.xml:84:13-44
intent-filter#android.intent.category.DEFAULT+net.geekstools.floatshort.PRO.action.LAUNCH_IT
ADDED from src\main\AndroidManifest.xml:86:13-90:29
action#net.geekstools.floatshort.PRO.action.LAUNCH_IT
ADDED from src\main\AndroidManifest.xml:87:17-88
	android:name
		ADDED from src\main\AndroidManifest.xml:87:25-86
category#android.intent.category.DEFAULT
ADDED from src\main\AndroidManifest.xml:89:17-75
	android:name
		ADDED from src\main\AndroidManifest.xml:89:27-73
service#net.geekstools.floatshort.BindServices
ADDED from src\main\AndroidManifest.xml:93:9-48
	android:name
		ADDED from src\main\AndroidManifest.xml:93:18-46
service#net.geekstools.floatshort.Floating_one
ADDED from src\main\AndroidManifest.xml:94:9-48
	android:name
		ADDED from src\main\AndroidManifest.xml:94:18-46
service#net.geekstools.floatshort.Floating_two
ADDED from src\main\AndroidManifest.xml:95:9-48
	android:name
		ADDED from src\main\AndroidManifest.xml:95:18-46
service#net.geekstools.floatshort.Floating_three
ADDED from src\main\AndroidManifest.xml:96:9-50
	android:name
		ADDED from src\main\AndroidManifest.xml:96:18-48
service#net.geekstools.floatshort.Floating_four
ADDED from src\main\AndroidManifest.xml:97:9-49
	android:name
		ADDED from src\main\AndroidManifest.xml:97:18-47
service#net.geekstools.floatshort.Floating_five
ADDED from src\main\AndroidManifest.xml:98:9-49
	android:name
		ADDED from src\main\AndroidManifest.xml:98:18-47
service#net.geekstools.floatshort.Floating_six
ADDED from src\main\AndroidManifest.xml:99:9-48
	android:name
		ADDED from src\main\AndroidManifest.xml:99:18-46
service#net.geekstools.floatshort.Floating_seven
ADDED from src\main\AndroidManifest.xml:100:9-50
	android:name
		ADDED from src\main\AndroidManifest.xml:100:18-48
service#net.geekstools.floatshort.Floating_eight
ADDED from src\main\AndroidManifest.xml:101:9-50
	android:name
		ADDED from src\main\AndroidManifest.xml:101:18-48
service#net.geekstools.floatshort.Floating_nine
ADDED from src\main\AndroidManifest.xml:102:9-49
	android:name
		ADDED from src\main\AndroidManifest.xml:102:18-47
service#net.geekstools.floatshort.Floating_ten
ADDED from src\main\AndroidManifest.xml:103:9-48
	android:name
		ADDED from src\main\AndroidManifest.xml:103:18-46
service#net.geekstools.floatshort.Widget_Floating_one
ADDED from src\main\AndroidManifest.xml:104:9-55
	android:name
		ADDED from src\main\AndroidManifest.xml:104:18-53
service#net.geekstools.floatshort.Widget_Floating_two
ADDED from src\main\AndroidManifest.xml:105:9-55
	android:name
		ADDED from src\main\AndroidManifest.xml:105:18-53
service#net.geekstools.floatshort.Widget_Floating_three
ADDED from src\main\AndroidManifest.xml:106:9-57
	android:name
		ADDED from src\main\AndroidManifest.xml:106:18-55
service#net.geekstools.floatshort.Widget_Mini_one
ADDED from src\main\AndroidManifest.xml:107:9-51
	android:name
		ADDED from src\main\AndroidManifest.xml:107:18-49
service#net.geekstools.floatshort.Widget_Mini_two
ADDED from src\main\AndroidManifest.xml:108:9-51
	android:name
		ADDED from src\main\AndroidManifest.xml:108:18-49
service#net.geekstools.floatshort.Widget_Mini_three
ADDED from src\main\AndroidManifest.xml:109:9-53
	android:name
		ADDED from src\main\AndroidManifest.xml:109:18-51
receiver#net.geekstools.floatshort.RecieverWiFi
ADDED from src\main\AndroidManifest.xml:111:9-118:20
	android:name
		ADDED from src\main\AndroidManifest.xml:111:19-47
intent-filter#android.intent.action.AIRPLANE_MODE+android.intent.category.DEFAULT+android.net.wifi.WIFI_STATE_CHANGED
ADDED from src\main\AndroidManifest.xml:112:13-117:29
action#android.intent.action.AIRPLANE_MODE
ADDED from src\main\AndroidManifest.xml:113:17-77
	android:name
		ADDED from src\main\AndroidManifest.xml:113:25-75
action#android.net.wifi.WIFI_STATE_CHANGED
ADDED from src\main\AndroidManifest.xml:114:17-77
	android:name
		ADDED from src\main\AndroidManifest.xml:114:25-75
receiver#net.geekstools.floatshort.RecieverBluetooth
ADDED from src\main\AndroidManifest.xml:119:9-125:20
	android:name
		ADDED from src\main\AndroidManifest.xml:119:19-52
intent-filter#android.bluetooth.adapter.action.STATE_CHANGED+android.intent.category.DEFAULT
ADDED from src\main\AndroidManifest.xml:120:13-124:29
action#android.bluetooth.adapter.action.STATE_CHANGED
ADDED from src\main\AndroidManifest.xml:121:17-88
	android:name
		ADDED from src\main\AndroidManifest.xml:121:25-86
receiver#net.geekstools.floatshort.RecieverGPS
ADDED from src\main\AndroidManifest.xml:126:9-132:20
	android:name
		ADDED from src\main\AndroidManifest.xml:126:19-46
intent-filter#android.intent.category.DEFAULT+android.location.PROVIDERS_CHANGED
ADDED from src\main\AndroidManifest.xml:127:13-131:29
action#android.location.PROVIDERS_CHANGED
ADDED from src\main\AndroidManifest.xml:128:17-76
	android:name
		ADDED from src\main\AndroidManifest.xml:128:25-74
service#net.geekstools.floatshort.Floating_WiFi1
ADDED from src\main\AndroidManifest.xml:134:9-50
	android:name
		ADDED from src\main\AndroidManifest.xml:134:18-48
service#net.geekstools.floatshort.Floating_WiFi2
ADDED from src\main\AndroidManifest.xml:135:9-50
	android:name
		ADDED from src\main\AndroidManifest.xml:135:18-48
service#net.geekstools.floatshort.Floating_Bluetooth1
ADDED from src\main\AndroidManifest.xml:136:9-55
	android:name
		ADDED from src\main\AndroidManifest.xml:136:18-53
service#net.geekstools.floatshort.Floating_Bluetooth2
ADDED from src\main\AndroidManifest.xml:137:9-55
	android:name
		ADDED from src\main\AndroidManifest.xml:137:18-53
service#net.geekstools.floatshort.Floating_GPS1
ADDED from src\main\AndroidManifest.xml:138:9-49
	android:name
		ADDED from src\main\AndroidManifest.xml:138:18-47
service#net.geekstools.floatshort.Floating_GPS2
ADDED from src\main\AndroidManifest.xml:139:9-49
	android:name
		ADDED from src\main\AndroidManifest.xml:139:18-47
activity#net.geekstools.floatshort.GetTime
ADDED from src\main\AndroidManifest.xml:142:9-145:43
	android:label
		ADDED from src\main\AndroidManifest.xml:145:13-41
	android:icon
		ADDED from src\main\AndroidManifest.xml:144:13-44
	android:name
		ADDED from src\main\AndroidManifest.xml:143:13-36
activity#net.geekstools.floatshort.TimeScope
ADDED from src\main\AndroidManifest.xml:146:9-150:20
	android:label
		ADDED from src\main\AndroidManifest.xml:149:13-41
	android:icon
		ADDED from src\main\AndroidManifest.xml:148:13-44
	android:name
		ADDED from src\main\AndroidManifest.xml:147:13-38
service#net.geekstools.floatshort.Floating_TIME1
ADDED from src\main\AndroidManifest.xml:152:9-50
	android:name
		ADDED from src\main\AndroidManifest.xml:152:18-48
service#net.geekstools.floatshort.Floating_TIME2
ADDED from src\main\AndroidManifest.xml:153:9-50
	android:name
		ADDED from src\main\AndroidManifest.xml:153:18-48
activity#net.geekstools.floatshort.TimeHelper1
ADDED from src\main\AndroidManifest.xml:155:9-163:20
	android:theme
		ADDED from src\main\AndroidManifest.xml:157:13-59
	android:name
		ADDED from src\main\AndroidManifest.xml:156:13-40
intent-filter#android.intent.category.DEFAULT+net.geekstools.floatshort.pro.timehelper1
ADDED from src\main\AndroidManifest.xml:158:13-162:29
action#net.geekstools.floatshort.pro.timehelper1
ADDED from src\main\AndroidManifest.xml:159:17-83
	android:name
		ADDED from src\main\AndroidManifest.xml:159:25-81
activity#net.geekstools.floatshort.TimeHelper2
ADDED from src\main\AndroidManifest.xml:164:9-172:20
	android:theme
		ADDED from src\main\AndroidManifest.xml:166:13-59
	android:name
		ADDED from src\main\AndroidManifest.xml:165:13-40
intent-filter#android.intent.category.DEFAULT+net.geekstools.floatshort.pro.timehelper2
ADDED from src\main\AndroidManifest.xml:167:13-171:29
action#net.geekstools.floatshort.pro.timehelper2
ADDED from src\main\AndroidManifest.xml:168:17-83
	android:name
		ADDED from src\main\AndroidManifest.xml:168:25-81
activity#net.geekstools.floatshort.RecoveryShortcuts
ADDED from src\main\AndroidManifest.xml:173:9-181:20
	android:theme
		ADDED from src\main\AndroidManifest.xml:175:13-59
	android:name
		ADDED from src\main\AndroidManifest.xml:174:13-46
intent-filter#android.intent.category.DEFAULT+net.geekstools.floatshort.pro.LAUNCH_BACKGROUND
ADDED from src\main\AndroidManifest.xml:176:13-180:29
action#net.geekstools.floatshort.pro.LAUNCH_BACKGROUND
ADDED from src\main\AndroidManifest.xml:177:17-89
	android:name
		ADDED from src\main\AndroidManifest.xml:177:25-87
activity#net.geekstools.floatshort.RecoveryWidgets
ADDED from src\main\AndroidManifest.xml:182:9-190:20
	android:theme
		ADDED from src\main\AndroidManifest.xml:184:13-59
	android:name
		ADDED from src\main\AndroidManifest.xml:183:13-44
intent-filter#android.intent.category.DEFAULT+net.geekstools.floatshort.pro.LAUNCH_BACKGROUND_WIDGET
ADDED from src\main\AndroidManifest.xml:185:13-189:29
action#net.geekstools.floatshort.pro.LAUNCH_BACKGROUND_WIDGET
ADDED from src\main\AndroidManifest.xml:186:17-96
	android:name
		ADDED from src\main\AndroidManifest.xml:186:25-94
activity#net.geekstools.floatshort.StopAll
ADDED from src\main\AndroidManifest.xml:191:9-193:61
	android:theme
		ADDED from src\main\AndroidManifest.xml:193:13-59
	android:name
		ADDED from src\main\AndroidManifest.xml:192:13-36
activity#net.geekstools.floatshort.CancelStableTemp
ADDED from src\main\AndroidManifest.xml:194:9-196:61
	android:theme
		ADDED from src\main\AndroidManifest.xml:196:13-59
	android:name
		ADDED from src\main\AndroidManifest.xml:195:13-45
receiver#net.geekstools.floatshort.AppsReceiver
ADDED from src\main\AndroidManifest.xml:198:9-205:20
	android:name
		ADDED from src\main\AndroidManifest.xml:198:19-47
intent-filter#android.intent.action.PACKAGE_ADDED+android.intent.action.PACKAGE_REMOVED
ADDED from src\main\AndroidManifest.xml:199:13-204:29
action#android.intent.action.PACKAGE_ADDED
ADDED from src\main\AndroidManifest.xml:200:17-77
	android:name
		ADDED from src\main\AndroidManifest.xml:200:25-75
action#android.intent.action.PACKAGE_REMOVED
ADDED from src\main\AndroidManifest.xml:201:17-79
	android:name
		ADDED from src\main\AndroidManifest.xml:201:25-77
data
ADDED from src\main\AndroidManifest.xml:203:17-49
	android:scheme
		ADDED from src\main\AndroidManifest.xml:203:23-47
activity#net.geekstools.floatshort.MainScopeOff
ADDED from src\main\AndroidManifest.xml:207:9-210:75
	android:label
		ADDED from src\main\AndroidManifest.xml:209:13-45
	android:theme
		ADDED from src\main\AndroidManifest.xml:210:13-73
	android:name
		ADDED from src\main\AndroidManifest.xml:208:13-41
activity#net.geekstools.floatshort.GridViewOff
ADDED from src\main\AndroidManifest.xml:211:9-214:75
	android:label
		ADDED from src\main\AndroidManifest.xml:213:13-45
	android:theme
		ADDED from src\main\AndroidManifest.xml:214:13-73
	android:name
		ADDED from src\main\AndroidManifest.xml:212:13-40
activity#net.geekstools.floatshort.PurchaseActivity
ADDED from src\main\AndroidManifest.xml:216:9-54
	android:name
		ADDED from src\main\AndroidManifest.xml:216:19-51
activity#net.geekstools.floatshort.DeepLinkedPromotHandler
ADDED from src\main\AndroidManifest.xml:218:9-233:20
	android:theme
		ADDED from src\main\AndroidManifest.xml:220:13-69
	android:name
		ADDED from src\main\AndroidManifest.xml:219:13-52
intent-filter#android.intent.action.VIEW+android.intent.category.BROWSABLE+android.intent.category.DEFAULT
ADDED from src\main\AndroidManifest.xml:221:13-232:29
	android:label
		ADDED from src\main\AndroidManifest.xml:221:28-60
action#android.intent.action.VIEW
ADDED from src\main\AndroidManifest.xml:222:17-68
	android:name
		ADDED from src\main\AndroidManifest.xml:222:25-66
category#android.intent.category.BROWSABLE
ADDED from src\main\AndroidManifest.xml:225:17-77
	android:name
		ADDED from src\main\AndroidManifest.xml:225:27-75
activity#net.geekstools.floatshort.DeepLinkedShortcuts
ADDED from src\main\AndroidManifest.xml:234:9-248:20
	android:theme
		ADDED from src\main\AndroidManifest.xml:236:13-92
	android:name
		ADDED from src\main\AndroidManifest.xml:235:13-48
service#net.geekstools.floatshort.CloudNotificationHandler
ADDED from src\main\AndroidManifest.xml:250:9-256:19
	android:icon
		ADDED from src\main\AndroidManifest.xml:252:13-53
	android:name
		ADDED from src\main\AndroidManifest.xml:251:13-53
intent-filter#com.google.firebase.MESSAGING_EVENT
ADDED from src\main\AndroidManifest.xml:253:13-255:29
action#com.google.firebase.MESSAGING_EVENT
ADDED from src\main\AndroidManifest.xml:254:17-77
	android:name
		ADDED from src\main\AndroidManifest.xml:254:25-75
service#net.geekstools.floatshort.FloatingUnlimit
ADDED from src\main\AndroidManifest.xml:258:9-51
	android:name
		ADDED from src\main\AndroidManifest.xml:258:18-49
uses-sdk
INJECTED from src\main\AndroidManifest.xml reason: use-sdk injection requested
MERGED from [com.twitter.sdk.android:twitter:1.13.1] AndroidManifest.xml:23:5-43
MERGED from [com.digits.sdk.android:digits:1.10.3] AndroidManifest.xml:23:5-43
MERGED from [io.fabric.sdk.android:fabric:1.3.12] AndroidManifest.xml:23:5-43
MERGED from [com.twitter.sdk.android:twitter-core:1.6.8] AndroidManifest.xml:23:5-43
MERGED from [com.twitter.sdk.android:tweet-composer:1.0.5] AndroidManifest.xml:23:5-43
MERGED from [com.twitter.sdk.android:tweet-ui:1.10.1] AndroidManifest.xml:23:5-43
MERGED from [com.android.support:support-v4:24.2.1] AndroidManifest.xml:21:5-23:54
MERGED from [com.android.support:support-compat:24.2.1] AndroidManifest.xml:21:5-23:58
MERGED from [com.android.support:support-media-compat:24.2.1] AndroidManifest.xml:21:5-23:63
MERGED from [com.android.support:support-core-utils:24.2.1] AndroidManifest.xml:21:5-23:61
MERGED from [com.android.support:support-core-ui:24.2.1] AndroidManifest.xml:21:5-23:58
MERGED from [com.android.support:support-fragment:24.2.1] AndroidManifest.xml:21:5-23:60
MERGED from [com.android.support:palette-v7:24.2.1] AndroidManifest.xml:20:5-43
MERGED from [com.google.android.gms:play-services-plus:9.6.1] AndroidManifest.xml:17:5-42
MERGED from [com.google.android.gms:play-services-base:9.6.1] AndroidManifest.xml:17:5-42
MERGED from [com.google.android.gms:play-services-basement:9.6.1] AndroidManifest.xml:17:5-42
MERGED from [com.google.android.gms:play-services-tasks:9.6.1] AndroidManifest.xml:3:5-42
MERGED from [com.google.android.gms:play-services-appindexing:9.6.1] AndroidManifest.xml:17:5-42
MERGED from [com.google.firebase:firebase-common:9.6.1] AndroidManifest.xml:3:5-42
MERGED from [com.google.android.gms:play-services-auth:9.6.1] AndroidManifest.xml:17:5-42
MERGED from [com.google.android.gms:play-services-auth-base:9.6.1] AndroidManifest.xml:4:5-42
MERGED from [com.google.firebase:firebase-core:9.6.1] AndroidManifest.xml:4:5-42
MERGED from [com.google.firebase:firebase-analytics:9.6.1] AndroidManifest.xml:17:5-42
MERGED from [com.google.firebase:firebase-analytics-impl:9.6.1] AndroidManifest.xml:17:5-42
MERGED from [com.google.firebase:firebase-iid:9.6.1] AndroidManifest.xml:17:5-42
MERGED from [com.google.firebase:firebase-invites:9.6.1] AndroidManifest.xml:4:5-42
MERGED from [com.google.android.gms:play-services-appinvite:9.6.1] AndroidManifest.xml:17:5-42
MERGED from [com.google.firebase:firebase-messaging:9.6.1] AndroidManifest.xml:17:5-42
MERGED from [com.google.firebase:firebase-ads:9.6.1] AndroidManifest.xml:4:5-42
MERGED from [com.google.android.gms:play-services-ads:9.6.1] AndroidManifest.xml:17:5-42
MERGED from [com.google.android.gms:play-services-ads-lite:9.6.1] AndroidManifest.xml:22:5-42
MERGED from [com.google.android.gms:play-services-clearcut:9.6.1] AndroidManifest.xml:17:5-42
MERGED from [com.google.android.gms:play-services-gass:9.6.1] AndroidManifest.xml:3:5-42
	tools:overrideLibrary
		ADDED from [com.android.support:support-v4:24.2.1] AndroidManifest.xml:23:9-51
	android:targetSdkVersion
		INJECTED from src\main\AndroidManifest.xml
		INJECTED from src\main\AndroidManifest.xml
	android:minSdkVersion
		INJECTED from src\main\AndroidManifest.xml
		INJECTED from src\main\AndroidManifest.xml
activity#com.digits.sdk.android.PhoneNumberActivity
ADDED from [com.digits.sdk.android:digits:1.10.3] AndroidManifest.xml:28:9-33:58
	android:exported
		ADDED from [com.digits.sdk.android:digits:1.10.3] AndroidManifest.xml:31:13-37
	android:windowSoftInputMode
		ADDED from [com.digits.sdk.android:digits:1.10.3] AndroidManifest.xml:33:13-55
	android:configChanges
		ADDED from [com.digits.sdk.android:digits:1.10.3] AndroidManifest.xml:30:13-59
	android:taskAffinity
		ADDED from [com.digits.sdk.android:digits:1.10.3] AndroidManifest.xml:32:13-58
	android:name
		ADDED from [com.digits.sdk.android:digits:1.10.3] AndroidManifest.xml:29:13-70
activity#com.digits.sdk.android.ConfirmationCodeActivity
ADDED from [com.digits.sdk.android:digits:1.10.3] AndroidManifest.xml:34:9-39:58
	android:exported
		ADDED from [com.digits.sdk.android:digits:1.10.3] AndroidManifest.xml:37:13-37
	android:windowSoftInputMode
		ADDED from [com.digits.sdk.android:digits:1.10.3] AndroidManifest.xml:39:13-55
	android:configChanges
		ADDED from [com.digits.sdk.android:digits:1.10.3] AndroidManifest.xml:36:13-59
	android:taskAffinity
		ADDED from [com.digits.sdk.android:digits:1.10.3] AndroidManifest.xml:38:13-58
	android:name
		ADDED from [com.digits.sdk.android:digits:1.10.3] AndroidManifest.xml:35:13-75
activity#com.digits.sdk.android.LoginCodeActivity
ADDED from [com.digits.sdk.android:digits:1.10.3] AndroidManifest.xml:40:9-45:58
	android:exported
		ADDED from [com.digits.sdk.android:digits:1.10.3] AndroidManifest.xml:43:13-37
	android:windowSoftInputMode
		ADDED from [com.digits.sdk.android:digits:1.10.3] AndroidManifest.xml:45:13-55
	android:configChanges
		ADDED from [com.digits.sdk.android:digits:1.10.3] AndroidManifest.xml:42:13-59
	android:taskAffinity
		ADDED from [com.digits.sdk.android:digits:1.10.3] AndroidManifest.xml:44:13-58
	android:name
		ADDED from [com.digits.sdk.android:digits:1.10.3] AndroidManifest.xml:41:13-68
activity#com.digits.sdk.android.PinCodeActivity
ADDED from [com.digits.sdk.android:digits:1.10.3] AndroidManifest.xml:46:9-51:58
	android:exported
		ADDED from [com.digits.sdk.android:digits:1.10.3] AndroidManifest.xml:49:13-37
	android:windowSoftInputMode
		ADDED from [com.digits.sdk.android:digits:1.10.3] AndroidManifest.xml:51:13-55
	android:configChanges
		ADDED from [com.digits.sdk.android:digits:1.10.3] AndroidManifest.xml:48:13-59
	android:taskAffinity
		ADDED from [com.digits.sdk.android:digits:1.10.3] AndroidManifest.xml:50:13-58
	android:name
		ADDED from [com.digits.sdk.android:digits:1.10.3] AndroidManifest.xml:47:13-66
activity#com.digits.sdk.android.FailureActivity
ADDED from [com.digits.sdk.android:digits:1.10.3] AndroidManifest.xml:52:9-56:61
	android:exported